<?xml version="1.0" encoding="UTF-8"?>
<testsuite xmlns:xsi="http://www.w3.org/2001/XMLSchema-instance" xsi:noNamespaceSchemaLocation="https://maven.apache.org/surefire/maven-surefire-plugin/xsd/surefire-test-report-3.0.xsd" version="3.0" name="com.CollegeUnify.project.ProjectApplicationTests" time="5.514" tests="1" errors="0" skipped="0" failures="0">
  <properties>
[...]
</properties>
  <testcase name="contextLoads" classname="com.CollegeUnify.project.ProjectApplicationTests" time="0.417">
    <system-out><![CDATA[17:54:55.837 [main] INFO org.springframework.test.context.support.AnnotationConfigContextLoaderUtils -- Could not detect default configuration classes for test class [com.CollegeUnify.project.ProjectApplicationTests]: ProjectApplicationTests does not declare any static, non-private, non-final, nested classes annotated with @Configuration.
17:54:55.922 [main] INFO org.springframework.boot.test.context.SpringBootTestContextBootstrapper -- Found @SpringBootConfiguration com.CollegeUnify.project.ProjectApplication for test class com.CollegeUnify.project.ProjectApplicationTests
17:54:56.079 [main] INFO org.springframework.boot.devtools.restart.RestartApplicationListener -- Restart disabled due to context in which it is running

  .   ____          _            __ _ _
 /\\ / ___'_ __ _ _(_)_ __  __ _ \ \ \ \
( ( )\___ | '_ | '_| | '_ \/ _` | \ \ \ \
 \\/  ___)| |_)| | | | | || (_| |  ) ) ) )
  '  |____| .__|_| |_|_| |_\__, | / / / /
 =========|_|==============|___/=/_/_/_/

 :: Spring Boot ::                (v3.3.5)

2024-11-30T17:54:56.320-05:00  INFO 13248 --- [           main] c.C.project.ProjectApplicationTests      : Starting ProjectApplicationTests using Java 17.0.12 with PID 13248 (started by sophi in C:\Users\sophi\Documents\GitHub\softwareEngineeringProject\project)
2024-11-30T17:54:56.321-05:00  INFO 13248 --- [           main] c.C.project.ProjectApplicationTests      : No active profile set, falling back to 1 default profile: "default"
2024-11-30T17:54:56.920-05:00  INFO 13248 --- [           main] .s.d.r.c.RepositoryConfigurationDelegate : Bootstrapping Spring Data JPA repositories in DEFAULT mode.
2024-11-30T17:54:56.984-05:00  INFO 13248 --- [           main] .s.d.r.c.RepositoryConfigurationDelegate : Finished Spring Data repository scanning in 55 ms. Found 1 JPA repository interface.
2024-11-30T17:54:57.460-05:00  INFO 13248 --- [           main] o.hibernate.jpa.internal.util.LogHelper  : HHH000204: Processing PersistenceUnitInfo [name: default]
2024-11-30T17:54:57.545-05:00  INFO 13248 --- [           main] org.hibernate.Version                    : HHH000412: Hibernate ORM core version 6.5.3.Final
2024-11-30T17:54:57.580-05:00  INFO 13248 --- [           main] o.h.c.internal.RegionFactoryInitiator    : HHH000026: Second-level cache disabled
2024-11-30T17:54:57.677-05:00 DEBUG 13248 --- [           main] org.hibernate.type.BasicTypeRegistry     : Adding type registration boolean -> org.hibernate.type.BasicTypeReference@69796bd0
2024-11-30T17:54:57.678-05:00 DEBUG 13248 --- [           main] org.hibernate.type.BasicTypeRegistry     : Adding type registration boolean -> org.hibernate.type.BasicTypeReference@69796bd0
2024-11-30T17:54:57.678-05:00 DEBUG 13248 --- [           main] org.hibernate.type.BasicTypeRegistry     : Adding type registration java.lang.Boolean -> org.hibernate.type.BasicTypeReference@69796bd0
2024-11-30T17:54:57.678-05:00 DEBUG 13248 --- [           main] org.hibernate.type.BasicTypeRegistry     : Adding type registration numeric_boolean -> org.hibernate.type.BasicTypeReference@40df6090
2024-11-30T17:54:57.678-05:00 DEBUG 13248 --- [           main] org.hibernate.type.BasicTypeRegistry     : Adding type registration org.hibernate.type.NumericBooleanConverter -> org.hibernate.type.BasicTypeReference@40df6090
2024-11-30T17:54:57.678-05:00 DEBUG 13248 --- [           main] org.hibernate.type.BasicTypeRegistry     : Adding type registration true_false -> org.hibernate.type.BasicTypeReference@8c0a23f
2024-11-30T17:54:57.678-05:00 DEBUG 13248 --- [           main] org.hibernate.type.BasicTypeRegistry     : Adding type registration org.hibernate.type.TrueFalseConverter -> org.hibernate.type.BasicTypeReference@8c0a23f
2024-11-30T17:54:57.678-05:00 DEBUG 13248 --- [           main] org.hibernate.type.BasicTypeRegistry     : Adding type registration yes_no -> org.hibernate.type.BasicTypeReference@44d7e24
2024-11-30T17:54:57.678-05:00 DEBUG 13248 --- [           main] org.hibernate.type.BasicTypeRegistry     : Adding type registration org.hibernate.type.YesNoConverter -> org.hibernate.type.BasicTypeReference@44d7e24
2024-11-30T17:54:57.678-05:00 DEBUG 13248 --- [           main] org.hibernate.type.BasicTypeRegistry     : Adding type registration byte -> org.hibernate.type.BasicTypeReference@26c8b296
2024-11-30T17:54:57.678-05:00 DEBUG 13248 --- [           main] org.hibernate.type.BasicTypeRegistry     : Adding type registration byte -> org.hibernate.type.BasicTypeReference@26c8b296
2024-11-30T17:54:57.678-05:00 DEBUG 13248 --- [           main] org.hibernate.type.BasicTypeRegistry     : Adding type registration java.lang.Byte -> org.hibernate.type.BasicTypeReference@26c8b296
2024-11-30T17:54:57.678-05:00 DEBUG 13248 --- [           main] org.hibernate.type.BasicTypeRegistry     : Adding type registration binary -> org.hibernate.type.BasicTypeReference@1d289d3f
2024-11-30T17:54:57.678-05:00 DEBUG 13248 --- [           main] org.hibernate.type.BasicTypeRegistry     : Adding type registration byte[] -> org.hibernate.type.BasicTypeReference@1d289d3f
2024-11-30T17:54:57.678-05:00 DEBUG 13248 --- [           main] org.hibernate.type.BasicTypeRegistry     : Adding type registration [B -> org.hibernate.type.BasicTypeReference@1d289d3f
2024-11-30T17:54:57.678-05:00 DEBUG 13248 --- [           main] org.hibernate.type.BasicTypeRegistry     : Adding type registration binary_wrapper -> org.hibernate.type.BasicTypeReference@1c98b4eb
2024-11-30T17:54:57.678-05:00 DEBUG 13248 --- [           main] org.hibernate.type.BasicTypeRegistry     : Adding type registration wrapper-binary -> org.hibernate.type.BasicTypeReference@1c98b4eb
2024-11-30T17:54:57.680-05:00 DEBUG 13248 --- [           main] org.hibernate.type.BasicTypeRegistry     : Adding type registration image -> org.hibernate.type.BasicTypeReference@45801322
2024-11-30T17:54:57.680-05:00 DEBUG 13248 --- [           main] org.hibernate.type.BasicTypeRegistry     : Adding type registration blob -> org.hibernate.type.BasicTypeReference@756b2d90
2024-11-30T17:54:57.680-05:00 DEBUG 13248 --- [           main] org.hibernate.type.BasicTypeRegistry     : Adding type registration java.sql.Blob -> org.hibernate.type.BasicTypeReference@756b2d90
2024-11-30T17:54:57.680-05:00 DEBUG 13248 --- [           main] org.hibernate.type.BasicTypeRegistry     : Adding type registration materialized_blob -> org.hibernate.type.BasicTypeReference@3520958b
2024-11-30T17:54:57.680-05:00 DEBUG 13248 --- [           main] org.hibernate.type.BasicTypeRegistry     : Adding type registration materialized_blob_wrapper -> org.hibernate.type.BasicTypeReference@6cc64028
2024-11-30T17:54:57.680-05:00 DEBUG 13248 --- [           main] org.hibernate.type.BasicTypeRegistry     : Adding type registration short -> org.hibernate.type.BasicTypeReference@291a4791
2024-11-30T17:54:57.680-05:00 DEBUG 13248 --- [           main] org.hibernate.type.BasicTypeRegistry     : Adding type registration short -> org.hibernate.type.BasicTypeReference@291a4791
2024-11-30T17:54:57.680-05:00 DEBUG 13248 --- [           main] org.hibernate.type.BasicTypeRegistry     : Adding type registration java.lang.Short -> org.hibernate.type.BasicTypeReference@291a4791
2024-11-30T17:54:57.680-05:00 DEBUG 13248 --- [           main] org.hibernate.type.BasicTypeRegistry     : Adding type registration integer -> org.hibernate.type.BasicTypeReference@5b1e88f
2024-11-30T17:54:57.680-05:00 DEBUG 13248 --- [           main] org.hibernate.type.BasicTypeRegistry     : Adding type registration int -> org.hibernate.type.BasicTypeReference@5b1e88f
2024-11-30T17:54:57.680-05:00 DEBUG 13248 --- [           main] org.hibernate.type.BasicTypeRegistry     : Adding type registration java.lang.Integer -> org.hibernate.type.BasicTypeReference@5b1e88f
2024-11-30T17:54:57.680-05:00 DEBUG 13248 --- [           main] org.hibernate.type.BasicTypeRegistry     : Adding type registration long -> org.hibernate.type.BasicTypeReference@340cb97f
2024-11-30T17:54:57.680-05:00 DEBUG 13248 --- [           main] org.hibernate.type.BasicTypeRegistry     : Adding type registration long -> org.hibernate.type.BasicTypeReference@340cb97f
2024-11-30T17:54:57.681-05:00 DEBUG 13248 --- [           main] org.hibernate.type.BasicTypeRegistry     : Adding type registration java.lang.Long -> org.hibernate.type.BasicTypeReference@340cb97f
2024-11-30T17:54:57.681-05:00 DEBUG 13248 --- [           main] org.hibernate.type.BasicTypeRegistry     : Adding type registration float -> org.hibernate.type.BasicTypeReference@6a1568d6
2024-11-30T17:54:57.681-05:00 DEBUG 13248 --- [           main] org.hibernate.type.BasicTypeRegistry     : Adding type registration float -> org.hibernate.type.BasicTypeReference@6a1568d6
2024-11-30T17:54:57.681-05:00 DEBUG 13248 --- [           main] org.hibernate.type.BasicTypeRegistry     : Adding type registration java.lang.Float -> org.hibernate.type.BasicTypeReference@6a1568d6
2024-11-30T17:54:57.681-05:00 DEBUG 13248 --- [           main] org.hibernate.type.BasicTypeRegistry     : Adding type registration double -> org.hibernate.type.BasicTypeReference@11c88cca
2024-11-30T17:54:57.681-05:00 DEBUG 13248 --- [           main] org.hibernate.type.BasicTypeRegistry     : Adding type registration double -> org.hibernate.type.BasicTypeReference@11c88cca
2024-11-30T17:54:57.681-05:00 DEBUG 13248 --- [           main] org.hibernate.type.BasicTypeRegistry     : Adding type registration java.lang.Double -> org.hibernate.type.BasicTypeReference@11c88cca
2024-11-30T17:54:57.681-05:00 DEBUG 13248 --- [           main] org.hibernate.type.BasicTypeRegistry     : Adding type registration big_integer -> org.hibernate.type.BasicTypeReference@1b37fbec
2024-11-30T17:54:57.681-05:00 DEBUG 13248 --- [           main] org.hibernate.type.BasicTypeRegistry     : Adding type registration java.math.BigInteger -> org.hibernate.type.BasicTypeReference@1b37fbec
2024-11-30T17:54:57.681-05:00 DEBUG 13248 --- [           main] org.hibernate.type.BasicTypeRegistry     : Adding type registration big_decimal -> org.hibernate.type.BasicTypeReference@4a216eb4
2024-11-30T17:54:57.681-05:00 DEBUG 13248 --- [           main] org.hibernate.type.BasicTypeRegistry     : Adding type registration java.math.BigDecimal -> org.hibernate.type.BasicTypeReference@4a216eb4
2024-11-30T17:54:57.681-05:00 DEBUG 13248 --- [           main] org.hibernate.type.BasicTypeRegistry     : Adding type registration character -> org.hibernate.type.BasicTypeReference@bb3ecfe
2024-11-30T17:54:57.681-05:00 DEBUG 13248 --- [           main] org.hibernate.type.BasicTypeRegistry     : Adding type registration char -> org.hibernate.type.BasicTypeReference@bb3ecfe
2024-11-30T17:54:57.682-05:00 DEBUG 13248 --- [           main] org.hibernate.type.BasicTypeRegistry     : Adding type registration java.lang.Character -> org.hibernate.type.BasicTypeReference@bb3ecfe
2024-11-30T17:54:57.682-05:00 DEBUG 13248 --- [           main] org.hibernate.type.BasicTypeRegistry     : Adding type registration character_nchar -> org.hibernate.type.BasicTypeReference@5ec88f9e
2024-11-30T17:54:57.682-05:00 DEBUG 13248 --- [           main] org.hibernate.type.BasicTypeRegistry     : Adding type registration string -> org.hibernate.type.BasicTypeReference@7a04f730
2024-11-30T17:54:57.682-05:00 DEBUG 13248 --- [           main] org.hibernate.type.BasicTypeRegistry     : Adding type registration java.lang.String -> org.hibernate.type.BasicTypeReference@7a04f730
2024-11-30T17:54:57.682-05:00 DEBUG 13248 --- [           main] org.hibernate.type.BasicTypeRegistry     : Adding type registration nstring -> org.hibernate.type.BasicTypeReference@3b11620a
2024-11-30T17:54:57.682-05:00 DEBUG 13248 --- [           main] org.hibernate.type.BasicTypeRegistry     : Adding type registration characters -> org.hibernate.type.BasicTypeReference@2fd1ad8a
2024-11-30T17:54:57.682-05:00 DEBUG 13248 --- [           main] org.hibernate.type.BasicTypeRegistry     : Adding type registration char[] -> org.hibernate.type.BasicTypeReference@2fd1ad8a
2024-11-30T17:54:57.682-05:00 DEBUG 13248 --- [           main] org.hibernate.type.BasicTypeRegistry     : Adding type registration [C -> org.hibernate.type.BasicTypeReference@2fd1ad8a
2024-11-30T17:54:57.682-05:00 DEBUG 13248 --- [           main] org.hibernate.type.BasicTypeRegistry     : Adding type registration wrapper-characters -> org.hibernate.type.BasicTypeReference@357f6391
2024-11-30T17:54:57.682-05:00 DEBUG 13248 --- [           main] org.hibernate.type.BasicTypeRegistry     : Adding type registration text -> org.hibernate.type.BasicTypeReference@689faf79
2024-11-30T17:54:57.682-05:00 DEBUG 13248 --- [           main] org.hibernate.type.BasicTypeRegistry     : Adding type registration ntext -> org.hibernate.type.BasicTypeReference@582e9152
2024-11-30T17:54:57.682-05:00 DEBUG 13248 --- [           main] org.hibernate.type.BasicTypeRegistry     : Adding type registration clob -> org.hibernate.type.BasicTypeReference@7a31ca20
2024-11-30T17:54:57.682-05:00 DEBUG 13248 --- [           main] org.hibernate.type.BasicTypeRegistry     : Adding type registration java.sql.Clob -> org.hibernate.type.BasicTypeReference@7a31ca20
2024-11-30T17:54:57.682-05:00 DEBUG 13248 --- [           main] org.hibernate.type.BasicTypeRegistry     : Adding type registration nclob -> org.hibernate.type.BasicTypeReference@349c4d1c
2024-11-30T17:54:57.683-05:00 DEBUG 13248 --- [           main] org.hibernate.type.BasicTypeRegistry     : Adding type registration java.sql.NClob -> org.hibernate.type.BasicTypeReference@349c4d1c
2024-11-30T17:54:57.683-05:00 DEBUG 13248 --- [           main] org.hibernate.type.BasicTypeRegistry     : Adding type registration materialized_clob -> org.hibernate.type.BasicTypeReference@21edd891
2024-11-30T17:54:57.683-05:00 DEBUG 13248 --- [           main] org.hibernate.type.BasicTypeRegistry     : Adding type registration materialized_clob_char_array -> org.hibernate.type.BasicTypeReference@de579ff
2024-11-30T17:54:57.683-05:00 DEBUG 13248 --- [           main] org.hibernate.type.BasicTypeRegistry     : Adding type registration materialized_clob_character_array -> org.hibernate.type.BasicTypeReference@7971c2a9
2024-11-30T17:54:57.683-05:00 DEBUG 13248 --- [           main] org.hibernate.type.BasicTypeRegistry     : Adding type registration materialized_nclob -> org.hibernate.type.BasicTypeReference@2fd39436
2024-11-30T17:54:57.683-05:00 DEBUG 13248 --- [           main] org.hibernate.type.BasicTypeRegistry     : Adding type registration materialized_nclob_character_array -> org.hibernate.type.BasicTypeReference@60b5e80d
2024-11-30T17:54:57.683-05:00 DEBUG 13248 --- [           main] org.hibernate.type.BasicTypeRegistry     : Adding type registration materialized_nclob_char_array -> org.hibernate.type.BasicTypeReference@46394f65
2024-11-30T17:54:57.683-05:00 DEBUG 13248 --- [           main] org.hibernate.type.BasicTypeRegistry     : Adding type registration Duration -> org.hibernate.type.BasicTypeReference@31aab981
2024-11-30T17:54:57.683-05:00 DEBUG 13248 --- [           main] org.hibernate.type.BasicTypeRegistry     : Adding type registration java.time.Duration -> org.hibernate.type.BasicTypeReference@31aab981
2024-11-30T17:54:57.683-05:00 DEBUG 13248 --- [           main] org.hibernate.type.BasicTypeRegistry     : Adding type registration LocalDateTime -> org.hibernate.type.BasicTypeReference@26be9a6
2024-11-30T17:54:57.683-05:00 DEBUG 13248 --- [           main] org.hibernate.type.BasicTypeRegistry     : Adding type registration java.time.LocalDateTime -> org.hibernate.type.BasicTypeReference@26be9a6
2024-11-30T17:54:57.683-05:00 DEBUG 13248 --- [           main] org.hibernate.type.BasicTypeRegistry     : Adding type registration LocalDate -> org.hibernate.type.BasicTypeReference@4d518c66
2024-11-30T17:54:57.683-05:00 DEBUG 13248 --- [           main] org.hibernate.type.BasicTypeRegistry     : Adding type registration java.time.LocalDate -> org.hibernate.type.BasicTypeReference@4d518c66
2024-11-30T17:54:57.683-05:00 DEBUG 13248 --- [           main] org.hibernate.type.BasicTypeRegistry     : Adding type registration LocalTime -> org.hibernate.type.BasicTypeReference@411fa0ce
2024-11-30T17:54:57.683-05:00 DEBUG 13248 --- [           main] org.hibernate.type.BasicTypeRegistry     : Adding type registration java.time.LocalTime -> org.hibernate.type.BasicTypeReference@411fa0ce
2024-11-30T17:54:57.683-05:00 DEBUG 13248 --- [           main] org.hibernate.type.BasicTypeRegistry     : Adding type registration OffsetDateTime -> org.hibernate.type.BasicTypeReference@251d7fdd
2024-11-30T17:54:57.684-05:00 DEBUG 13248 --- [           main] org.hibernate.type.BasicTypeRegistry     : Adding type registration java.time.OffsetDateTime -> org.hibernate.type.BasicTypeReference@251d7fdd
2024-11-30T17:54:57.684-05:00 DEBUG 13248 --- [           main] org.hibernate.type.BasicTypeRegistry     : Adding type registration OffsetDateTimeWithTimezone -> org.hibernate.type.BasicTypeReference@78e68401
2024-11-30T17:54:57.684-05:00 DEBUG 13248 --- [           main] org.hibernate.type.BasicTypeRegistry     : Adding type registration OffsetDateTimeWithoutTimezone -> org.hibernate.type.BasicTypeReference@391515c7
2024-11-30T17:54:57.684-05:00 DEBUG 13248 --- [           main] org.hibernate.type.BasicTypeRegistry     : Adding type registration OffsetTime -> org.hibernate.type.BasicTypeReference@5b0dbfb
2024-11-30T17:54:57.684-05:00 DEBUG 13248 --- [           main] org.hibernate.type.BasicTypeRegistry     : Adding type registration java.time.OffsetTime -> org.hibernate.type.BasicTypeReference@5b0dbfb
2024-11-30T17:54:57.684-05:00 DEBUG 13248 --- [           main] org.hibernate.type.BasicTypeRegistry     : Adding type registration OffsetTimeUtc -> org.hibernate.type.BasicTypeReference@4b9dbf07
2024-11-30T17:54:57.684-05:00 DEBUG 13248 --- [           main] org.hibernate.type.BasicTypeRegistry     : Adding type registration OffsetTimeWithTimezone -> org.hibernate.type.BasicTypeReference@797fcf9
2024-11-30T17:54:57.684-05:00 DEBUG 13248 --- [           main] org.hibernate.type.BasicTypeRegistry     : Adding type registration OffsetTimeWithoutTimezone -> org.hibernate.type.BasicTypeReference@16bd7ae1
2024-11-30T17:54:57.684-05:00 DEBUG 13248 --- [           main] org.hibernate.type.BasicTypeRegistry     : Adding type registration ZonedDateTime -> org.hibernate.type.BasicTypeReference@15d114ce
2024-11-30T17:54:57.684-05:00 DEBUG 13248 --- [           main] org.hibernate.type.BasicTypeRegistry     : Adding type registration java.time.ZonedDateTime -> org.hibernate.type.BasicTypeReference@15d114ce
2024-11-30T17:54:57.684-05:00 DEBUG 13248 --- [           main] org.hibernate.type.BasicTypeRegistry     : Adding type registration ZonedDateTimeWithTimezone -> org.hibernate.type.BasicTypeReference@3312f4f4
2024-11-30T17:54:57.684-05:00 DEBUG 13248 --- [           main] org.hibernate.type.BasicTypeRegistry     : Adding type registration ZonedDateTimeWithoutTimezone -> org.hibernate.type.BasicTypeReference@b5aa65b
2024-11-30T17:54:57.684-05:00 DEBUG 13248 --- [           main] org.hibernate.type.BasicTypeRegistry     : Adding type registration date -> org.hibernate.type.BasicTypeReference@76cdafa3
2024-11-30T17:54:57.684-05:00 DEBUG 13248 --- [           main] org.hibernate.type.BasicTypeRegistry     : Adding type registration java.sql.Date -> org.hibernate.type.BasicTypeReference@76cdafa3
2024-11-30T17:54:57.684-05:00 DEBUG 13248 --- [           main] org.hibernate.type.BasicTypeRegistry     : Adding type registration time -> org.hibernate.type.BasicTypeReference@6b27b2d0
2024-11-30T17:54:57.685-05:00 DEBUG 13248 --- [           main] org.hibernate.type.BasicTypeRegistry     : Adding type registration java.sql.Time -> org.hibernate.type.BasicTypeReference@6b27b2d0
2024-11-30T17:54:57.685-05:00 DEBUG 13248 --- [           main] org.hibernate.type.BasicTypeRegistry     : Adding type registration timestamp -> org.hibernate.type.BasicTypeReference@4fb64e14
2024-11-30T17:54:57.685-05:00 DEBUG 13248 --- [           main] org.hibernate.type.BasicTypeRegistry     : Adding type registration java.sql.Timestamp -> org.hibernate.type.BasicTypeReference@4fb64e14
2024-11-30T17:54:57.685-05:00 DEBUG 13248 --- [           main] org.hibernate.type.BasicTypeRegistry     : Adding type registration java.util.Date -> org.hibernate.type.BasicTypeReference@4fb64e14
2024-11-30T17:54:57.685-05:00 DEBUG 13248 --- [           main] org.hibernate.type.BasicTypeRegistry     : Adding type registration calendar -> org.hibernate.type.BasicTypeReference@118041c7
2024-11-30T17:54:57.685-05:00 DEBUG 13248 --- [           main] org.hibernate.type.BasicTypeRegistry     : Adding type registration java.util.Calendar -> org.hibernate.type.BasicTypeReference@118041c7
2024-11-30T17:54:57.685-05:00 DEBUG 13248 --- [           main] org.hibernate.type.BasicTypeRegistry     : Adding type registration java.util.GregorianCalendar -> org.hibernate.type.BasicTypeReference@118041c7
2024-11-30T17:54:57.685-05:00 DEBUG 13248 --- [           main] org.hibernate.type.BasicTypeRegistry     : Adding type registration calendar_date -> org.hibernate.type.BasicTypeReference@a2b54e3
2024-11-30T17:54:57.685-05:00 DEBUG 13248 --- [           main] org.hibernate.type.BasicTypeRegistry     : Adding type registration calendar_time -> org.hibernate.type.BasicTypeReference@5c4cc644
2024-11-30T17:54:57.685-05:00 DEBUG 13248 --- [           main] org.hibernate.type.BasicTypeRegistry     : Adding type registration instant -> org.hibernate.type.BasicTypeReference@21f7e537
2024-11-30T17:54:57.685-05:00 DEBUG 13248 --- [           main] org.hibernate.type.BasicTypeRegistry     : Adding type registration java.time.Instant -> org.hibernate.type.BasicTypeReference@21f7e537
2024-11-30T17:54:57.685-05:00 DEBUG 13248 --- [           main] org.hibernate.type.BasicTypeRegistry     : Adding type registration uuid -> org.hibernate.type.BasicTypeReference@32ea16b7
2024-11-30T17:54:57.685-05:00 DEBUG 13248 --- [           main] org.hibernate.type.BasicTypeRegistry     : Adding type registration java.util.UUID -> org.hibernate.type.BasicTypeReference@32ea16b7
2024-11-30T17:54:57.686-05:00 DEBUG 13248 --- [           main] org.hibernate.type.BasicTypeRegistry     : Adding type registration pg-uuid -> org.hibernate.type.BasicTypeReference@32ea16b7
2024-11-30T17:54:57.686-05:00 DEBUG 13248 --- [           main] org.hibernate.type.BasicTypeRegistry     : Adding type registration uuid-binary -> org.hibernate.type.BasicTypeReference@62b6c045
2024-11-30T17:54:57.686-05:00 DEBUG 13248 --- [           main] org.hibernate.type.BasicTypeRegistry     : Adding type registration uuid-char -> org.hibernate.type.BasicTypeReference@58f254b1
2024-11-30T17:54:57.686-05:00 DEBUG 13248 --- [           main] org.hibernate.type.BasicTypeRegistry     : Adding type registration class -> org.hibernate.type.BasicTypeReference@46b2dcc5
2024-11-30T17:54:57.686-05:00 DEBUG 13248 --- [           main] org.hibernate.type.BasicTypeRegistry     : Adding type registration java.lang.Class -> org.hibernate.type.BasicTypeReference@46b2dcc5
2024-11-30T17:54:57.686-05:00 DEBUG 13248 --- [           main] org.hibernate.type.BasicTypeRegistry     : Adding type registration currency -> org.hibernate.type.BasicTypeReference@240f350a
2024-11-30T17:54:57.686-05:00 DEBUG 13248 --- [           main] org.hibernate.type.BasicTypeRegistry     : Adding type registration Currency -> org.hibernate.type.BasicTypeReference@240f350a
2024-11-30T17:54:57.686-05:00 DEBUG 13248 --- [           main] org.hibernate.type.BasicTypeRegistry     : Adding type registration java.util.Currency -> org.hibernate.type.BasicTypeReference@240f350a
2024-11-30T17:54:57.686-05:00 DEBUG 13248 --- [           main] org.hibernate.type.BasicTypeRegistry     : Adding type registration locale -> org.hibernate.type.BasicTypeReference@706f6d26
2024-11-30T17:54:57.686-05:00 DEBUG 13248 --- [           main] org.hibernate.type.BasicTypeRegistry     : Adding type registration java.util.Locale -> org.hibernate.type.BasicTypeReference@706f6d26
2024-11-30T17:54:57.686-05:00 DEBUG 13248 --- [           main] org.hibernate.type.BasicTypeRegistry     : Adding type registration serializable -> org.hibernate.type.BasicTypeReference@3af2f846
2024-11-30T17:54:57.687-05:00 DEBUG 13248 --- [           main] org.hibernate.type.BasicTypeRegistry     : Adding type registration java.io.Serializable -> org.hibernate.type.BasicTypeReference@3af2f846
2024-11-30T17:54:57.687-05:00 DEBUG 13248 --- [           main] org.hibernate.type.BasicTypeRegistry     : Adding type registration timezone -> org.hibernate.type.BasicTypeReference@6af65f29
2024-11-30T17:54:57.687-05:00 DEBUG 13248 --- [           main] org.hibernate.type.BasicTypeRegistry     : Adding type registration java.util.TimeZone -> org.hibernate.type.BasicTypeReference@6af65f29
2024-11-30T17:54:57.687-05:00 DEBUG 13248 --- [           main] org.hibernate.type.BasicTypeRegistry     : Adding type registration ZoneOffset -> org.hibernate.type.BasicTypeReference@370c9018
2024-11-30T17:54:57.687-05:00 DEBUG 13248 --- [           main] org.hibernate.type.BasicTypeRegistry     : Adding type registration java.time.ZoneOffset -> org.hibernate.type.BasicTypeReference@370c9018
2024-11-30T17:54:57.687-05:00 DEBUG 13248 --- [           main] org.hibernate.type.BasicTypeRegistry     : Adding type registration url -> org.hibernate.type.BasicTypeReference@3c81cd82
2024-11-30T17:54:57.687-05:00 DEBUG 13248 --- [           main] org.hibernate.type.BasicTypeRegistry     : Adding type registration java.net.URL -> org.hibernate.type.BasicTypeReference@3c81cd82
2024-11-30T17:54:57.687-05:00 DEBUG 13248 --- [           main] org.hibernate.type.BasicTypeRegistry     : Adding type registration vector -> org.hibernate.type.BasicTypeReference@111c229c
2024-11-30T17:54:57.687-05:00 DEBUG 13248 --- [           main] org.hibernate.type.BasicTypeRegistry     : Adding type registration row_version -> org.hibernate.type.BasicTypeReference@49cb3881
2024-11-30T17:54:57.691-05:00 DEBUG 13248 --- [           main] org.hibernate.type.BasicTypeRegistry     : Adding type registration object -> org.hibernate.type.JavaObjectType@447fa959
2024-11-30T17:54:57.691-05:00 DEBUG 13248 --- [           main] org.hibernate.type.BasicTypeRegistry     : Adding type registration java.lang.Object -> org.hibernate.type.JavaObjectType@447fa959
2024-11-30T17:54:57.692-05:00 DEBUG 13248 --- [           main] org.hibernate.type.BasicTypeRegistry     : Adding type registration null -> org.hibernate.type.NullType@48bc2fce
2024-11-30T17:54:57.692-05:00 DEBUG 13248 --- [           main] org.hibernate.type.BasicTypeRegistry     : Adding type registration imm_date -> org.hibernate.type.BasicTypeReference@1eca3ea7
2024-11-30T17:54:57.692-05:00 DEBUG 13248 --- [           main] org.hibernate.type.BasicTypeRegistry     : Adding type registration imm_time -> org.hibernate.type.BasicTypeReference@24fba488
2024-11-30T17:54:57.692-05:00 DEBUG 13248 --- [           main] org.hibernate.type.BasicTypeRegistry     : Adding type registration imm_timestamp -> org.hibernate.type.BasicTypeReference@73a6cc79
2024-11-30T17:54:57.692-05:00 DEBUG 13248 --- [           main] org.hibernate.type.BasicTypeRegistry     : Adding type registration imm_calendar -> org.hibernate.type.BasicTypeReference@5a4d4f9c
2024-11-30T17:54:57.692-05:00 DEBUG 13248 --- [           main] org.hibernate.type.BasicTypeRegistry     : Adding type registration imm_calendar_date -> org.hibernate.type.BasicTypeReference@153d6d74
2024-11-30T17:54:57.692-05:00 DEBUG 13248 --- [           main] org.hibernate.type.BasicTypeRegistry     : Adding type registration imm_calendar_time -> org.hibernate.type.BasicTypeReference@6c9b44bf
2024-11-30T17:54:57.693-05:00 DEBUG 13248 --- [           main] org.hibernate.type.BasicTypeRegistry     : Adding type registration imm_binary -> org.hibernate.type.BasicTypeReference@299b9851
2024-11-30T17:54:57.693-05:00 DEBUG 13248 --- [           main] org.hibernate.type.BasicTypeRegistry     : Adding type registration imm_serializable -> org.hibernate.type.BasicTypeReference@191a0351
2024-11-30T17:54:57.966-05:00  INFO 13248 --- [           main] o.s.o.j.p.SpringPersistenceUnitInfo      : No LoadTimeWeaver setup: ignoring JPA class transformer
2024-11-30T17:54:57.994-05:00  INFO 13248 --- [           main] com.zaxxer.hikari.HikariDataSource       : HikariPool-1 - Starting...
2024-11-30T17:54:58.343-05:00  INFO 13248 --- [           main] com.zaxxer.hikari.pool.HikariPool        : HikariPool-1 - Added connection com.mysql.cj.jdbc.ConnectionImpl@5423a17
2024-11-30T17:54:58.346-05:00  INFO 13248 --- [           main] com.zaxxer.hikari.HikariDataSource       : HikariPool-1 - Start completed.
2024-11-30T17:54:58.395-05:00  WARN 13248 --- [           main] org.hibernate.orm.deprecation            : HHH90000025: MySQL8Dialect does not need to be specified explicitly using 'hibernate.dialect' (remove the property setting and it will be selected by default)
2024-11-30T17:54:58.396-05:00  WARN 13248 --- [           main] org.hibernate.orm.deprecation            : HHH90000026: MySQL8Dialect has been deprecated; use org.hibernate.dialect.MySQLDialect instead
2024-11-30T17:54:58.412-05:00 DEBUG 13248 --- [           main] o.h.t.d.sql.spi.DdlTypeRegistry          : addDescriptor(12, org.hibernate.type.descriptor.sql.internal.CapacityDependentDdlType@79b7c350) replaced previous registration(org.hibernate.type.descriptor.sql.internal.CapacityDependentDdlType@586737ff)
2024-11-30T17:54:58.412-05:00 DEBUG 13248 --- [           main] o.h.t.d.sql.spi.DdlTypeRegistry          : addDescriptor(-9, org.hibernate.type.descriptor.sql.internal.CapacityDependentDdlType@4cd7e993) replaced previous registration(org.hibernate.type.descriptor.sql.internal.CapacityDependentDdlType@685e6a68)
2024-11-30T17:54:58.412-05:00 DEBUG 13248 --- [           main] o.h.t.d.sql.spi.DdlTypeRegistry          : addDescriptor(-3, org.hibernate.type.descriptor.sql.internal.CapacityDependentDdlType@2fb48970) replaced previous registration(org.hibernate.type.descriptor.sql.internal.CapacityDependentDdlType@4e8d9bb6)
2024-11-30T17:54:58.412-05:00 DEBUG 13248 --- [           main] o.h.t.d.sql.spi.DdlTypeRegistry          : addDescriptor(4003, org.hibernate.type.descriptor.sql.internal.DdlTypeImpl@3de56885) replaced previous registration(org.hibernate.type.descriptor.sql.internal.DdlTypeImpl@2673487b)
2024-11-30T17:54:58.412-05:00 DEBUG 13248 --- [           main] o.h.t.d.sql.spi.DdlTypeRegistry          : addDescriptor(4001, org.hibernate.type.descriptor.sql.internal.DdlTypeImpl@2d07aacc) replaced previous registration(org.hibernate.type.descriptor.sql.internal.DdlTypeImpl@ff5d4f1)
2024-11-30T17:54:58.412-05:00 DEBUG 13248 --- [           main] o.h.t.d.sql.spi.DdlTypeRegistry          : addDescriptor(4002, org.hibernate.type.descriptor.sql.internal.DdlTypeImpl@194224ca) replaced previous registration(org.hibernate.type.descriptor.sql.internal.DdlTypeImpl@254e9709)
2024-11-30T17:54:58.412-05:00 DEBUG 13248 --- [           main] o.h.t.d.sql.spi.DdlTypeRegistry          : addDescriptor(2004, org.hibernate.type.descriptor.sql.internal.CapacityDependentDdlType@350f18a6) replaced previous registration(org.hibernate.type.descriptor.sql.internal.DdlTypeImpl@147c00aa)
2024-11-30T17:54:58.412-05:00 DEBUG 13248 --- [           main] o.h.t.d.sql.spi.DdlTypeRegistry          : addDescriptor(2005, org.hibernate.type.descriptor.sql.internal.CapacityDependentDdlType@1c90029b) replaced previous registration(org.hibernate.type.descriptor.sql.internal.DdlTypeImpl@4db728df)
2024-11-30T17:54:58.412-05:00 DEBUG 13248 --- [           main] o.h.t.d.sql.spi.DdlTypeRegistry          : addDescriptor(2011, org.hibernate.type.descriptor.sql.internal.CapacityDependentDdlType@b0d3e7) replaced previous registration(org.hibernate.type.descriptor.sql.internal.DdlTypeImpl@74bdfa0b)
2024-11-30T17:54:58.414-05:00 DEBUG 13248 --- [           main] o.h.t.d.jdbc.spi.JdbcTypeRegistry        : addDescriptor(NCharTypeDescriptor) replaced previous registration(CharTypeDescriptor)
2024-11-30T17:54:58.414-05:00 DEBUG 13248 --- [           main] o.h.t.d.jdbc.spi.JdbcTypeRegistry        : addDescriptor(NVarcharTypeDescriptor) replaced previous registration(VarcharTypeDescriptor)
2024-11-30T17:54:58.414-05:00 DEBUG 13248 --- [           main] o.h.t.d.jdbc.spi.JdbcTypeRegistry        : addDescriptor(LongNVarcharTypeDescriptor) replaced previous registration(LongVarcharTypeDescriptor)
2024-11-30T17:54:58.415-05:00 DEBUG 13248 --- [           main] o.h.t.d.jdbc.spi.JdbcTypeRegistry        : addDescriptor(NClobTypeDescriptor(DEFAULT)) replaced previous registration(ClobTypeDescriptor(DEFAULT))
2024-11-30T17:54:58.416-05:00 DEBUG 13248 --- [           main] o.h.t.d.jdbc.spi.JdbcTypeRegistry        : addDescriptor(2005, ClobTypeDescriptor(STREAM_BINDING)) replaced previous registration(ClobTypeDescriptor(DEFAULT))
2024-11-30T17:54:58.419-05:00 DEBUG 13248 --- [           main] org.hibernate.type.BasicTypeRegistry     : Adding type registration null -> org.hibernate.type.NullType@56266bda
2024-11-30T17:54:58.419-05:00 DEBUG 13248 --- [           main] org.hibernate.type.BasicTypeRegistry     : Type registration key [null] overrode previous entry : `org.hibernate.type.NullType@48bc2fce`
2024-11-30T17:54:58.422-05:00 DEBUG 13248 --- [           main] org.hibernate.type.BasicTypeRegistry     : Adding type registration org.hibernate.type.DurationType -> basicType@1(java.time.Duration,3015)
2024-11-30T17:54:58.422-05:00 DEBUG 13248 --- [           main] org.hibernate.type.BasicTypeRegistry     : Adding type registration Duration -> basicType@1(java.time.Duration,3015)
2024-11-30T17:54:58.422-05:00 DEBUG 13248 --- [           main] org.hibernate.type.BasicTypeRegistry     : Adding type registration java.time.Duration -> basicType@1(java.time.Duration,3015)
2024-11-30T17:54:58.424-05:00 DEBUG 13248 --- [           main] org.hibernate.type.BasicTypeRegistry     : Adding type registration org.hibernate.type.OffsetDateTimeType -> basicType@2(java.time.OffsetDateTime,3003)
2024-11-30T17:54:58.424-05:00 DEBUG 13248 --- [           main] org.hibernate.type.BasicTypeRegistry     : Adding type registration OffsetDateTime -> basicType@2(java.time.OffsetDateTime,3003)
2024-11-30T17:54:58.424-05:00 DEBUG 13248 --- [           main] org.hibernate.type.BasicTypeRegistry     : Adding type registration java.time.OffsetDateTime -> basicType@2(java.time.OffsetDateTime,3003)
2024-11-30T17:54:58.425-05:00 DEBUG 13248 --- [           main] org.hibernate.type.BasicTypeRegistry     : Adding type registration org.hibernate.type.ZonedDateTimeType -> basicType@3(java.time.ZonedDateTime,3003)
2024-11-30T17:54:58.425-05:00 DEBUG 13248 --- [           main] org.hibernate.type.BasicTypeRegistry     : Adding type registration ZonedDateTime -> basicType@3(java.time.ZonedDateTime,3003)
2024-11-30T17:54:58.425-05:00 DEBUG 13248 --- [           main] org.hibernate.type.BasicTypeRegistry     : Adding type registration java.time.ZonedDateTime -> basicType@3(java.time.ZonedDateTime,3003)
2024-11-30T17:54:58.425-05:00 DEBUG 13248 --- [           main] org.hibernate.type.BasicTypeRegistry     : Adding type registration org.hibernate.type.OffsetTimeType -> basicType@4(java.time.OffsetTime,3007)
2024-11-30T17:54:58.425-05:00 DEBUG 13248 --- [           main] org.hibernate.type.BasicTypeRegistry     : Adding type registration OffsetTime -> basicType@4(java.time.OffsetTime,3007)
2024-11-30T17:54:58.425-05:00 DEBUG 13248 --- [           main] org.hibernate.type.BasicTypeRegistry     : Adding type registration java.time.OffsetTime -> basicType@4(java.time.OffsetTime,3007)
2024-11-30T17:54:58.426-05:00 DEBUG 13248 --- [           main] o.h.type.spi.TypeConfiguration$Scope     : Scoping TypeConfiguration [org.hibernate.type.spi.TypeConfiguration@38929da] to MetadataBuildingContext [org.hibernate.boot.internal.MetadataBuildingContextRootImpl@69d667a5]
2024-11-30T17:54:59.162-05:00  INFO 13248 --- [           main] o.h.e.t.j.p.i.JtaPlatformInitiator       : HHH000489: No JTA platform available (set 'hibernate.transaction.jta.platform' to enable JTA platform integration)
2024-11-30T17:54:59.162-05:00 DEBUG 13248 --- [           main] o.h.type.spi.TypeConfiguration$Scope     : Scoping TypeConfiguration [org.hibernate.type.spi.TypeConfiguration@38929da] to SessionFactoryImplementor [org.hibernate.internal.SessionFactoryImpl@446981a4]
2024-11-30T17:54:59.484-05:00 TRACE 13248 --- [           main] o.h.type.spi.TypeConfiguration$Scope     : Handling #sessionFactoryCreated from [org.hibernate.internal.SessionFactoryImpl@446981a4] for TypeConfiguration
2024-11-30T17:54:59.484-05:00  INFO 13248 --- [           main] j.LocalContainerEntityManagerFactoryBean : Initialized JPA EntityManagerFactory for persistence unit 'default'
2024-11-30T17:54:59.907-05:00  WARN 13248 --- [           main] JpaBaseConfiguration$JpaWebConfiguration : spring.jpa.open-in-view is enabled by default. Therefore, database queries may be performed during view rendering. Explicitly configure spring.jpa.open-in-view to disable this warning
2024-11-30T17:54:59.956-05:00  INFO 13248 --- [           main] eAuthenticationProviderManagerConfigurer : Global AuthenticationManager configured with AuthenticationProvider bean with name authenticationProvider
2024-11-30T17:54:59.957-05:00  WARN 13248 --- [           main] r$InitializeUserDetailsManagerConfigurer : Global AuthenticationManager configured with an AuthenticationProvider bean. UserDetailsService beans will not be used for username/password login. Consider removing the AuthenticationProvider bean. Alternatively, consider using the UserDetailsService in a manually instantiated DaoAuthenticationProvider.
2024-11-30T17:55:00.757-05:00  INFO 13248 --- [           main] c.C.project.ProjectApplicationTests      : Started ProjectApplicationTests in 4.693 seconds (process running for 5.498)
]]></system-out>
  </testcase>
</testsuite>